
@----------------------------------------------------------@
|        PLINK!       |     v1.07      |   10/Aug/2009     |
|----------------------------------------------------------|
|  (C) 2009 Shaun Purcell, GNU General Public License, v2  |
|----------------------------------------------------------|
|  For documentation, citation & bug-report instructions:  |
|        http://pngu.mgh.harvard.edu/purcell/plink/        |
@----------------------------------------------------------@

Web-based version check ( --noweb to skip )
Connecting to web...  failed connection

Problem connecting to web

Writing this text to log file [ DATA/80missingdata.singleSNP.log ]
Analysis started: Wed Mar 27 19:30:40 2019

Options in effect:
	--file DATA/80missingdata.singleSNP
	--make-bed
	--out DATA/80missingdata.singleSNP

** For gPLINK compatibility, do not use '.' in --out **
38520 (of 38520) markers to be included from [ DATA/80missingdata.singleSNP.map ]
Warning, found 93 individuals with ambiguous sex codes
Writing list of these individuals to [ DATA/80missingdata.singleSNP.nosex ]
93 individuals read from [ DATA/80missingdata.singleSNP.ped ] 
0 individuals with nonmissing phenotypes
Assuming a disease phenotype (1=unaff, 2=aff, 0=miss)
Missing phenotype value is also -9
0 cases, 0 controls and 93 missing
0 males, 0 females, and 93 of unspecified sex
Before frequency and genotyping pruning, there are 38520 SNPs
93 founders and 0 non-founders found
Total genotyping rate in remaining individuals is 0.642803
0 SNPs failed missingness test ( GENO > 1 )
0 SNPs failed frequency test ( MAF < 0 )
After frequency and genotyping pruning, there are 38520 SNPs
After filtering, 0 cases, 0 controls and 93 missing
After filtering, 0 males, 0 females, and 93 of unspecified sex
Writing pedigree information to [ DATA/80missingdata.singleSNP.fam ] 
Writing map (extended format) information to [ DATA/80missingdata.singleSNP.bim ] 
Writing genotype bitfile to [ DATA/80missingdata.singleSNP.bed ] 
Using (default) SNP-major mode

Analysis finished: Wed Mar 27 19:30:45 2019

