****                   ADMIXTURE Version 1.3.0                  ****
****                    Copyright 2008-2015                     ****
****           David Alexander, Suyash Shringarpure,            ****
****                John  Novembre, Ken Lange                   ****
****                                                            ****
****                 Please cite our paper!                     ****
****   Information at www.genetics.ucla.edu/software/admixture  ****

Cross-validation will be performed.  Folds=5.
Random seed: 43
Point estimation method: Block relaxation algorithm
Convergence acceleration algorithm: QuasiNewton, 3 secant conditions
Point estimation will terminate when objective function delta < 0.0001
Estimation of standard errors disabled; will compute point estimates only.
Size of G: 93x38520
Performing five EM steps to prime main algorithm
1 (EM) 	Elapsed: 0.078	Loglikelihood: -1.12402e+06	(delta): 3.51411e+06
2 (EM) 	Elapsed: 0.076	Loglikelihood: -1.12402e+06	(delta): 0
3 (EM) 	Elapsed: 0.075	Loglikelihood: -1.12402e+06	(delta): 0
4 (EM) 	Elapsed: 0.077	Loglikelihood: -1.12402e+06	(delta): 0
5 (EM) 	Elapsed: 0.075	Loglikelihood: -1.12402e+06	(delta): 0
Initial loglikelihood: -1.12402e+06
Starting main algorithm
1 (QN/Block) 	Elapsed: 0.4	Loglikelihood: -1.12402e+06	(delta): 0
Summary: 
Converged in 1 iterations (0.99 sec)
Loglikelihood: -1124024.481109
CV error (K=1): 0.50934
Writing output files.
