****                   ADMIXTURE Version 1.3.0                  ****
****                    Copyright 2008-2015                     ****
****           David Alexander, Suyash Shringarpure,            ****
****                John  Novembre, Ken Lange                   ****
****                                                            ****
****                 Please cite our paper!                     ****
****   Information at www.genetics.ucla.edu/software/admixture  ****

Cross-validation will be performed.  Folds=5.
Random seed: 43
Point estimation method: Block relaxation algorithm
Convergence acceleration algorithm: QuasiNewton, 3 secant conditions
Point estimation will terminate when objective function delta < 0.0001
Estimation of standard errors disabled; will compute point estimates only.
Size of G: 93x38520
Performing five EM steps to prime main algorithm
1 (EM) 	Elapsed: 0.139	Loglikelihood: -1.16895e+06	(delta): 2.78941e+06
2 (EM) 	Elapsed: 0.14	Loglikelihood: -1.12005e+06	(delta): 48900.9
3 (EM) 	Elapsed: 0.132	Loglikelihood: -1.10856e+06	(delta): 11490.6
4 (EM) 	Elapsed: 0.132	Loglikelihood: -1.10262e+06	(delta): 5938.77
5 (EM) 	Elapsed: 0.137	Loglikelihood: -1.09895e+06	(delta): 3671.94
Initial loglikelihood: -1.09895e+06
Starting main algorithm
1 (QN/Block) 	Elapsed: 0.523	Loglikelihood: -1.04299e+06	(delta): 55957.4
2 (QN/Block) 	Elapsed: 0.553	Loglikelihood: -1.00205e+06	(delta): 40941.7
3 (QN/Block) 	Elapsed: 0.597	Loglikelihood: -981013	(delta): 21034.6
4 (QN/Block) 	Elapsed: 0.587	Loglikelihood: -944881	(delta): 36131.5
5 (QN/Block) 	Elapsed: 0.608	Loglikelihood: -928659	(delta): 16222.5
6 (QN/Block) 	Elapsed: 0.601	Loglikelihood: -915457	(delta): 13202.2
7 (QN/Block) 	Elapsed: 0.632	Loglikelihood: -903534	(delta): 11923.1
8 (QN/Block) 	Elapsed: 0.655	Loglikelihood: -863094	(delta): 40439.6
9 (QN/Block) 	Elapsed: 0.577	Loglikelihood: -845951	(delta): 17143.1
10 (QN/Block) 	Elapsed: 0.654	Loglikelihood: -841212	(delta): 4739.13
11 (QN/Block) 	Elapsed: 0.648	Loglikelihood: -840333	(delta): 878.272
12 (QN/Block) 	Elapsed: 0.618	Loglikelihood: -839992	(delta): 341.399
13 (QN/Block) 	Elapsed: 0.644	Loglikelihood: -839800	(delta): 191.724
14 (QN/Block) 	Elapsed: 0.596	Loglikelihood: -839721	(delta): 79.21
15 (QN/Block) 	Elapsed: 0.601	Loglikelihood: -839710	(delta): 11.3027
16 (QN/Block) 	Elapsed: 0.617	Loglikelihood: -839710	(delta): 0.249791
17 (QN/Block) 	Elapsed: 0.638	Loglikelihood: -839710	(delta): 0.0036697
18 (QN/Block) 	Elapsed: 0.666	Loglikelihood: -839710	(delta): 0.000128674
19 (QN/Block) 	Elapsed: 0.639	Loglikelihood: -839710	(delta): 3.04054e-06
Summary: 
Converged in 19 iterations (13.012 sec)
Loglikelihood: -839709.572527
Fst divergences between estimated populations: 
	Pop0	
Pop0	
Pop1	0.420	
CV error (K=2): 0.40118
Writing output files.
