****                   ADMIXTURE Version 1.3.0                  ****
****                    Copyright 2008-2015                     ****
****           David Alexander, Suyash Shringarpure,            ****
****                John  Novembre, Ken Lange                   ****
****                                                            ****
****                 Please cite our paper!                     ****
****   Information at www.genetics.ucla.edu/software/admixture  ****

Cross-validation will be performed.  Folds=5.
Random seed: 43
Point estimation method: Block relaxation algorithm
Convergence acceleration algorithm: QuasiNewton, 3 secant conditions
Point estimation will terminate when objective function delta < 0.0001
Estimation of standard errors disabled; will compute point estimates only.
Size of G: 93x38520
Performing five EM steps to prime main algorithm
1 (EM) 	Elapsed: 0.191	Loglikelihood: -1.17753e+06	(delta): 2.54666e+06
2 (EM) 	Elapsed: 0.187	Loglikelihood: -1.10549e+06	(delta): 72040.7
3 (EM) 	Elapsed: 0.189	Loglikelihood: -1.08284e+06	(delta): 22651.2
4 (EM) 	Elapsed: 0.185	Loglikelihood: -1.06687e+06	(delta): 15972.6
5 (EM) 	Elapsed: 0.185	Loglikelihood: -1.05313e+06	(delta): 13737.6
Initial loglikelihood: -1.05313e+06
Starting main algorithm
1 (QN/Block) 	Elapsed: 0.792	Loglikelihood: -839831	(delta): 213299
2 (QN/Block) 	Elapsed: 0.727	Loglikelihood: -779989	(delta): 59842
3 (QN/Block) 	Elapsed: 0.887	Loglikelihood: -758582	(delta): 21407.8
4 (QN/Block) 	Elapsed: 0.863	Loglikelihood: -744604	(delta): 13977.7
5 (QN/Block) 	Elapsed: 1.717	Loglikelihood: -735800	(delta): 8804.06
6 (QN/Block) 	Elapsed: 1.003	Loglikelihood: -730496	(delta): 5303.71
7 (QN/Block) 	Elapsed: 1.049	Loglikelihood: -728232	(delta): 2263.79
8 (QN/Block) 	Elapsed: 1.013	Loglikelihood: -727727	(delta): 505.552
9 (QN/Block) 	Elapsed: 1.092	Loglikelihood: -727658	(delta): 69.1997
10 (QN/Block) 	Elapsed: 0.897	Loglikelihood: -727636	(delta): 21.2535
11 (QN/Block) 	Elapsed: 1.053	Loglikelihood: -727628	(delta): 8.53237
12 (QN/Block) 	Elapsed: 0.942	Loglikelihood: -727625	(delta): 3.24713
13 (QN/Block) 	Elapsed: 0.839	Loglikelihood: -727624	(delta): 0.80507
14 (QN/Block) 	Elapsed: 0.874	Loglikelihood: -727624	(delta): 0.0121236
15 (QN/Block) 	Elapsed: 0.886	Loglikelihood: -727624	(delta): 9.54606e-09
Summary: 
Converged in 15 iterations (16.312 sec)
Loglikelihood: -727623.785221
Fst divergences between estimated populations: 
	Pop0	Pop1	
Pop0	
Pop1	0.342	
Pop2	0.497	0.450	
CV error (K=3): 0.37252
Writing output files.
