****                   ADMIXTURE Version 1.3.0                  ****
****                    Copyright 2008-2015                     ****
****           David Alexander, Suyash Shringarpure,            ****
****                John  Novembre, Ken Lange                   ****
****                                                            ****
****                 Please cite our paper!                     ****
****   Information at www.genetics.ucla.edu/software/admixture  ****

Cross-validation will be performed.  Folds=5.
Random seed: 43
Point estimation method: Block relaxation algorithm
Convergence acceleration algorithm: QuasiNewton, 3 secant conditions
Point estimation will terminate when objective function delta < 0.0001
Estimation of standard errors disabled; will compute point estimates only.
Size of G: 93x38520
Performing five EM steps to prime main algorithm
1 (EM) 	Elapsed: 0.269	Loglikelihood: -1.18669e+06	(delta): 2.40755e+06
2 (EM) 	Elapsed: 0.255	Loglikelihood: -1.10901e+06	(delta): 77686.7
3 (EM) 	Elapsed: 0.251	Loglikelihood: -1.08678e+06	(delta): 22228.5
4 (EM) 	Elapsed: 0.259	Loglikelihood: -1.07082e+06	(delta): 15962.5
5 (EM) 	Elapsed: 0.321	Loglikelihood: -1.05615e+06	(delta): 14662.5
Initial loglikelihood: -1.05615e+06
Starting main algorithm
1 (QN/Block) 	Elapsed: 0.891	Loglikelihood: -826176	(delta): 229977
2 (QN/Block) 	Elapsed: 0.88	Loglikelihood: -734933	(delta): 91243.6
3 (QN/Block) 	Elapsed: 0.946	Loglikelihood: -699528	(delta): 35404.4
4 (QN/Block) 	Elapsed: 1.039	Loglikelihood: -669412	(delta): 30116.7
5 (QN/Block) 	Elapsed: 1.067	Loglikelihood: -648672	(delta): 20740
6 (QN/Block) 	Elapsed: 0.994	Loglikelihood: -635969	(delta): 12702.7
7 (QN/Block) 	Elapsed: 1.028	Loglikelihood: -631790	(delta): 4178.98
8 (QN/Block) 	Elapsed: 0.915	Loglikelihood: -630587	(delta): 1203.2
9 (QN/Block) 	Elapsed: 0.996	Loglikelihood: -629980	(delta): 606.478
10 (QN/Block) 	Elapsed: 0.969	Loglikelihood: -629640	(delta): 340.646
11 (QN/Block) 	Elapsed: 1.013	Loglikelihood: -629000	(delta): 639.249
12 (QN/Block) 	Elapsed: 0.887	Loglikelihood: -628387	(delta): 613.318
13 (QN/Block) 	Elapsed: 0.916	Loglikelihood: -628350	(delta): 36.8745
14 (QN/Block) 	Elapsed: 0.88	Loglikelihood: -628328	(delta): 21.8737
15 (QN/Block) 	Elapsed: 0.894	Loglikelihood: -628324	(delta): 4.61894
16 (QN/Block) 	Elapsed: 1.093	Loglikelihood: -628322	(delta): 1.58638
17 (QN/Block) 	Elapsed: 1.069	Loglikelihood: -628322	(delta): 0.10474
18 (QN/Block) 	Elapsed: 0.971	Loglikelihood: -628322	(delta): -0.0235011
19 (QN/Block) 	Elapsed: 1.076	Loglikelihood: -628322	(delta): 0.0370586
20 (QN/Block) 	Elapsed: 1.028	Loglikelihood: -628322	(delta): 0.00134254
21 (QN/Block) 	Elapsed: 0.972	Loglikelihood: -628322	(delta): -0.004339
22 (QN/Block) 	Elapsed: 1.021	Loglikelihood: -628322	(delta): 3.37604e-09
Summary: 
Converged in 22 iterations (23.844 sec)
Loglikelihood: -628321.905625
Fst divergences between estimated populations: 
	Pop0	Pop1	Pop2	
Pop0	
Pop1	0.335	
Pop2	0.618	0.655	
Pop3	0.516	0.551	0.724	
CV error (K=4): 0.33645
Writing output files.
