****                   ADMIXTURE Version 1.3.0                  ****
****                    Copyright 2008-2015                     ****
****           David Alexander, Suyash Shringarpure,            ****
****                John  Novembre, Ken Lange                   ****
****                                                            ****
****                 Please cite our paper!                     ****
****   Information at www.genetics.ucla.edu/software/admixture  ****

Cross-validation will be performed.  Folds=5.
Random seed: 43
Point estimation method: Block relaxation algorithm
Convergence acceleration algorithm: QuasiNewton, 3 secant conditions
Point estimation will terminate when objective function delta < 0.0001
Estimation of standard errors disabled; will compute point estimates only.
Size of G: 93x38520
Performing five EM steps to prime main algorithm
1 (EM) 	Elapsed: 0.339	Loglikelihood: -1.19407e+06	(delta): 2.31907e+06
2 (EM) 	Elapsed: 0.337	Loglikelihood: -1.11443e+06	(delta): 79642.8
3 (EM) 	Elapsed: 0.33	Loglikelihood: -1.09325e+06	(delta): 21171.4
4 (EM) 	Elapsed: 0.374	Loglikelihood: -1.07854e+06	(delta): 14710.5
5 (EM) 	Elapsed: 0.337	Loglikelihood: -1.06559e+06	(delta): 12950
Initial loglikelihood: -1.06559e+06
Starting main algorithm
1 (QN/Block) 	Elapsed: 1.07	Loglikelihood: -819699	(delta): 245895
2 (QN/Block) 	Elapsed: 1.031	Loglikelihood: -706623	(delta): 113076
3 (QN/Block) 	Elapsed: 1.234	Loglikelihood: -658770	(delta): 47853.8
4 (QN/Block) 	Elapsed: 1.221	Loglikelihood: -624530	(delta): 34239.5
5 (QN/Block) 	Elapsed: 1.236	Loglikelihood: -603698	(delta): 20831.6
6 (QN/Block) 	Elapsed: 1.213	Loglikelihood: -592486	(delta): 11212.9
7 (QN/Block) 	Elapsed: 1.218	Loglikelihood: -587617	(delta): 4868.29
8 (QN/Block) 	Elapsed: 1.228	Loglikelihood: -585579	(delta): 2038.2
9 (QN/Block) 	Elapsed: 1.185	Loglikelihood: -584743	(delta): 835.686
10 (QN/Block) 	Elapsed: 1.339	Loglikelihood: -584416	(delta): 327.043
11 (QN/Block) 	Elapsed: 1.22	Loglikelihood: -584270	(delta): 146.454
12 (QN/Block) 	Elapsed: 1.125	Loglikelihood: -584209	(delta): 60.764
13 (QN/Block) 	Elapsed: 1.099	Loglikelihood: -584193	(delta): 15.9985
14 (QN/Block) 	Elapsed: 1.143	Loglikelihood: -584190	(delta): 3.61615
15 (QN/Block) 	Elapsed: 1.123	Loglikelihood: -584188	(delta): 1.28366
16 (QN/Block) 	Elapsed: 1.097	Loglikelihood: -584188	(delta): 0.41675
17 (QN/Block) 	Elapsed: 1.154	Loglikelihood: -584188	(delta): 0.00392339
18 (QN/Block) 	Elapsed: 1.083	Loglikelihood: -584188	(delta): 0.000237979
19 (QN/Block) 	Elapsed: 1.141	Loglikelihood: -584188	(delta): 7.07557e-05
Summary: 
Converged in 19 iterations (24.774 sec)
Loglikelihood: -584187.829775
Fst divergences between estimated populations: 
	Pop0	Pop1	Pop2	Pop3	
Pop0	
Pop1	0.808	
Pop2	0.718	0.701	
Pop3	0.629	0.568	0.510	
Pop4	0.671	0.565	0.557	0.304	
CV error (K=5): 0.33527
Writing output files.
