****                   ADMIXTURE Version 1.3.0                  ****
****                    Copyright 2008-2015                     ****
****           David Alexander, Suyash Shringarpure,            ****
****                John  Novembre, Ken Lange                   ****
****                                                            ****
****                 Please cite our paper!                     ****
****   Information at www.genetics.ucla.edu/software/admixture  ****

Cross-validation will be performed.  Folds=5.
Random seed: 43
Point estimation method: Block relaxation algorithm
Convergence acceleration algorithm: QuasiNewton, 3 secant conditions
Point estimation will terminate when objective function delta < 0.0001
Estimation of standard errors disabled; will compute point estimates only.
Size of G: 93x38520
Performing five EM steps to prime main algorithm
1 (EM) 	Elapsed: 0.426	Loglikelihood: -1.19027e+06	(delta): 2.27465e+06
2 (EM) 	Elapsed: 0.451	Loglikelihood: -1.10579e+06	(delta): 84479.6
3 (EM) 	Elapsed: 0.454	Loglikelihood: -1.08212e+06	(delta): 23661.1
4 (EM) 	Elapsed: 0.449	Loglikelihood: -1.06572e+06	(delta): 16400.4
5 (EM) 	Elapsed: 0.443	Loglikelihood: -1.05155e+06	(delta): 14174.4
Initial loglikelihood: -1.05155e+06
Starting main algorithm
1 (QN/Block) 	Elapsed: 1.236	Loglikelihood: -755720	(delta): 295830
2 (QN/Block) 	Elapsed: 1.23	Loglikelihood: -635899	(delta): 119821
3 (QN/Block) 	Elapsed: 1.306	Loglikelihood: -599768	(delta): 36130.6
4 (QN/Block) 	Elapsed: 1.415	Loglikelihood: -577457	(delta): 22311.1
5 (QN/Block) 	Elapsed: 1.383	Loglikelihood: -561353	(delta): 16104.2
6 (QN/Block) 	Elapsed: 1.299	Loglikelihood: -550629	(delta): 10724.1
7 (QN/Block) 	Elapsed: 1.479	Loglikelihood: -545248	(delta): 5381.16
8 (QN/Block) 	Elapsed: 1.434	Loglikelihood: -543678	(delta): 1569.78
9 (QN/Block) 	Elapsed: 1.463	Loglikelihood: -543040	(delta): 638.412
10 (QN/Block) 	Elapsed: 1.377	Loglikelihood: -542380	(delta): 659.704
11 (QN/Block) 	Elapsed: 1.298	Loglikelihood: -542136	(delta): 243.57
12 (QN/Block) 	Elapsed: 1.251	Loglikelihood: -542047	(delta): 89.3752
13 (QN/Block) 	Elapsed: 1.25	Loglikelihood: -541997	(delta): 50.395
14 (QN/Block) 	Elapsed: 1.262	Loglikelihood: -541946	(delta): 50.2863
15 (QN/Block) 	Elapsed: 1.242	Loglikelihood: -541880	(delta): 66.2403
16 (QN/Block) 	Elapsed: 1.364	Loglikelihood: -541861	(delta): 19.3841
17 (QN/Block) 	Elapsed: 1.329	Loglikelihood: -541857	(delta): 3.3601
18 (QN/Block) 	Elapsed: 1.365	Loglikelihood: -541856	(delta): 0.998643
19 (QN/Block) 	Elapsed: 1.304	Loglikelihood: -541856	(delta): 0.470694
20 (QN/Block) 	Elapsed: 1.317	Loglikelihood: -541856	(delta): 0.102169
21 (QN/Block) 	Elapsed: 1.378	Loglikelihood: -541856	(delta): 0.00692454
22 (QN/Block) 	Elapsed: 1.38	Loglikelihood: -541856	(delta): 0.000999927
23 (QN/Block) 	Elapsed: 1.252	Loglikelihood: -541856	(delta): 0.000145058
24 (QN/Block) 	Elapsed: 1.258	Loglikelihood: -541856	(delta): 4.19677e-07
Summary: 
Converged in 24 iterations (35.211 sec)
Loglikelihood: -541855.718542
Fst divergences between estimated populations: 
	Pop0	Pop1	Pop2	Pop3	Pop4	
Pop0	
Pop1	0.799	
Pop2	0.701	0.692	
Pop3	0.660	0.600	0.554	
Pop4	0.728	0.615	0.620	0.429	
Pop5	0.619	0.570	0.515	0.249	0.396	
CV error (K=6): 0.33453
Writing output files.
