****                   ADMIXTURE Version 1.3.0                  ****
****                    Copyright 2008-2015                     ****
****           David Alexander, Suyash Shringarpure,            ****
****                John  Novembre, Ken Lange                   ****
****                                                            ****
****                 Please cite our paper!                     ****
****   Information at www.genetics.ucla.edu/software/admixture  ****

Cross-validation will be performed.  Folds=5.
Random seed: 43
Point estimation method: Block relaxation algorithm
Convergence acceleration algorithm: QuasiNewton, 3 secant conditions
Point estimation will terminate when objective function delta < 0.0001
Estimation of standard errors disabled; will compute point estimates only.
Size of G: 93x38520
Performing five EM steps to prime main algorithm
1 (EM) 	Elapsed: 0.631	Loglikelihood: -1.18526e+06	(delta): 2.19873e+06
2 (EM) 	Elapsed: 0.663	Loglikelihood: -1.09304e+06	(delta): 92220.5
3 (EM) 	Elapsed: 0.694	Loglikelihood: -1.06221e+06	(delta): 30825.8
4 (EM) 	Elapsed: 0.686	Loglikelihood: -1.03646e+06	(delta): 25750.3
5 (EM) 	Elapsed: 0.652	Loglikelihood: -1.01108e+06	(delta): 25377.7
Initial loglikelihood: -1.01108e+06
Starting main algorithm
1 (QN/Block) 	Elapsed: 1.866	Loglikelihood: -673138	(delta): 337944
2 (QN/Block) 	Elapsed: 1.69	Loglikelihood: -595481	(delta): 77656.8
3 (QN/Block) 	Elapsed: 1.942	Loglikelihood: -555526	(delta): 39954.8
4 (QN/Block) 	Elapsed: 2.089	Loglikelihood: -530890	(delta): 24635.8
5 (QN/Block) 	Elapsed: 2.02	Loglikelihood: -517257	(delta): 13632.8
6 (QN/Block) 	Elapsed: 1.907	Loglikelihood: -510137	(delta): 7120.18
7 (QN/Block) 	Elapsed: 1.843	Loglikelihood: -506847	(delta): 3290.17
8 (QN/Block) 	Elapsed: 1.758	Loglikelihood: -505725	(delta): 1122.42
9 (QN/Block) 	Elapsed: 1.872	Loglikelihood: -504986	(delta): 739.01
10 (QN/Block) 	Elapsed: 1.986	Loglikelihood: -504725	(delta): 261.041
11 (QN/Block) 	Elapsed: 1.971	Loglikelihood: -504590	(delta): 135.108
12 (QN/Block) 	Elapsed: 1.923	Loglikelihood: -504501	(delta): 88.4232
13 (QN/Block) 	Elapsed: 1.94	Loglikelihood: -504471	(delta): 29.6017
14 (QN/Block) 	Elapsed: 1.79	Loglikelihood: -504344	(delta): 127.93
15 (QN/Block) 	Elapsed: 1.877	Loglikelihood: -504269	(delta): 74.4373
16 (QN/Block) 	Elapsed: 1.878	Loglikelihood: -504253	(delta): 16.1893
17 (QN/Block) 	Elapsed: 2.039	Loglikelihood: -504219	(delta): 33.7772
18 (QN/Block) 	Elapsed: 1.981	Loglikelihood: -504176	(delta): 43.2014
19 (QN/Block) 	Elapsed: 1.824	Loglikelihood: -504159	(delta): 17.4268
20 (QN/Block) 	Elapsed: 1.797	Loglikelihood: -504151	(delta): 7.63055
21 (QN/Block) 	Elapsed: 1.822	Loglikelihood: -504146	(delta): 5.26666
22 (QN/Block) 	Elapsed: 1.795	Loglikelihood: -504143	(delta): 2.86563
23 (QN/Block) 	Elapsed: 1.878	Loglikelihood: -504142	(delta): 1.25299
24 (QN/Block) 	Elapsed: 1.682	Loglikelihood: -504141	(delta): 0.435649
25 (QN/Block) 	Elapsed: 1.677	Loglikelihood: -504141	(delta): 0.235359
26 (QN/Block) 	Elapsed: 1.67	Loglikelihood: -504141	(delta): 0.0118182
27 (QN/Block) 	Elapsed: 1.674	Loglikelihood: -504141	(delta): 0.00169149
28 (QN/Block) 	Elapsed: 1.683	Loglikelihood: -504141	(delta): 0.000364745
29 (QN/Block) 	Elapsed: 1.723	Loglikelihood: -504141	(delta): 3.02927e-05
Summary: 
Converged in 29 iterations (58.41 sec)
Loglikelihood: -504140.836466
Fst divergences between estimated populations: 
	Pop0	Pop1	Pop2	Pop3	Pop4	Pop5	Pop6	
Pop0	
Pop1	0.471	
Pop2	0.638	0.812	
Pop3	0.230	0.572	0.715	
Pop4	0.523	0.704	0.712	0.600	
Pop5	0.406	0.638	0.736	0.502	0.619	
Pop6	0.578	0.766	0.808	0.662	0.704	0.620	
Pop7	0.234	0.517	0.679	0.358	0.561	0.435	0.612	
CV error (K=8): 0.35338
Writing output files.
