****                   ADMIXTURE Version 1.3.0                  ****
****                    Copyright 2008-2015                     ****
****           David Alexander, Suyash Shringarpure,            ****
****                John  Novembre, Ken Lange                   ****
****                                                            ****
****                 Please cite our paper!                     ****
****   Information at www.genetics.ucla.edu/software/admixture  ****

Cross-validation will be performed.  Folds=5.
Random seed: 43
Point estimation method: Block relaxation algorithm
Convergence acceleration algorithm: QuasiNewton, 3 secant conditions
Point estimation will terminate when objective function delta < 0.0001
Estimation of standard errors disabled; will compute point estimates only.
Size of G: 93x38520
Performing five EM steps to prime main algorithm
1 (EM) 	Elapsed: 0.687	Loglikelihood: -1.18761e+06	(delta): 2.1735e+06
2 (EM) 	Elapsed: 0.705	Loglikelihood: -1.0978e+06	(delta): 89806.3
3 (EM) 	Elapsed: 0.74	Loglikelihood: -1.07128e+06	(delta): 26519.3
4 (EM) 	Elapsed: 0.693	Loglikelihood: -1.05047e+06	(delta): 20812.3
5 (EM) 	Elapsed: 0.712	Loglikelihood: -1.0301e+06	(delta): 20370.1
Initial loglikelihood: -1.0301e+06
Starting main algorithm
1 (QN/Block) 	Elapsed: 1.918	Loglikelihood: -705448	(delta): 324649
2 (QN/Block) 	Elapsed: 1.888	Loglikelihood: -584867	(delta): 120581
3 (QN/Block) 	Elapsed: 2.128	Loglikelihood: -531470	(delta): 53397.2
4 (QN/Block) 	Elapsed: 2.15	Loglikelihood: -507744	(delta): 23726.5
5 (QN/Block) 	Elapsed: 2.309	Loglikelihood: -495143	(delta): 12600.1
6 (QN/Block) 	Elapsed: 2.125	Loglikelihood: -487780	(delta): 7363.01
7 (QN/Block) 	Elapsed: 2.054	Loglikelihood: -484618	(delta): 3162.52
8 (QN/Block) 	Elapsed: 1.933	Loglikelihood: -483635	(delta): 983.213
9 (QN/Block) 	Elapsed: 2.15	Loglikelihood: -482886	(delta): 748.423
10 (QN/Block) 	Elapsed: 1.933	Loglikelihood: -482626	(delta): 260.568
11 (QN/Block) 	Elapsed: 1.91	Loglikelihood: -482528	(delta): 98.0462
12 (QN/Block) 	Elapsed: 1.903	Loglikelihood: -482458	(delta): 69.1557
13 (QN/Block) 	Elapsed: 1.987	Loglikelihood: -482411	(delta): 47.5947
14 (QN/Block) 	Elapsed: 1.905	Loglikelihood: -482356	(delta): 54.5904
15 (QN/Block) 	Elapsed: 1.98	Loglikelihood: -482286	(delta): 69.9376
16 (QN/Block) 	Elapsed: 1.984	Loglikelihood: -482222	(delta): 64.8457
17 (QN/Block) 	Elapsed: 2.139	Loglikelihood: -482192	(delta): 29.9249
18 (QN/Block) 	Elapsed: 1.989	Loglikelihood: -482178	(delta): 13.2726
19 (QN/Block) 	Elapsed: 1.905	Loglikelihood: -482169	(delta): 8.91074
20 (QN/Block) 	Elapsed: 1.923	Loglikelihood: -482197	(delta): -27.9281
21 (QN/Block) 	Elapsed: 1.979	Loglikelihood: -482182	(delta): 15.1503
22 (QN/Block) 	Elapsed: 1.913	Loglikelihood: -482172	(delta): 10.1468
23 (QN/Block) 	Elapsed: 1.902	Loglikelihood: -482164	(delta): 7.76053
24 (QN/Block) 	Elapsed: 1.937	Loglikelihood: -482160	(delta): 3.96142
25 (QN/Block) 	Elapsed: 1.98	Loglikelihood: -482149	(delta): 11.6697
26 (QN/Block) 	Elapsed: 1.932	Loglikelihood: -482147	(delta): 1.77801
27 (QN/Block) 	Elapsed: 1.93	Loglikelihood: -482146	(delta): 1.3472
28 (QN/Block) 	Elapsed: 2.159	Loglikelihood: -482144	(delta): 1.59467
29 (QN/Block) 	Elapsed: 2.389	Loglikelihood: -482144	(delta): 0.0197282
30 (QN/Block) 	Elapsed: 2.44	Loglikelihood: -482144	(delta): -0.00562643
31 (QN/Block) 	Elapsed: 2.051	Loglikelihood: -482144	(delta): 0.00998709
32 (QN/Block) 	Elapsed: 1.933	Loglikelihood: -482144	(delta): -0.249346
33 (QN/Block) 	Elapsed: 2.192	Loglikelihood: -482138	(delta): 6.14995
34 (QN/Block) 	Elapsed: 2.197	Loglikelihood: -482134	(delta): 3.91388
35 (QN/Block) 	Elapsed: 2.038	Loglikelihood: -482131	(delta): 2.74867
36 (QN/Block) 	Elapsed: 2.055	Loglikelihood: -482131	(delta): 0.600579
37 (QN/Block) 	Elapsed: 2.05	Loglikelihood: -482131	(delta): 0.00778407
38 (QN/Block) 	Elapsed: 2.078	Loglikelihood: -482128	(delta): 2.70539
39 (QN/Block) 	Elapsed: 1.992	Loglikelihood: -482123	(delta): 4.80133
40 (QN/Block) 	Elapsed: 2.129	Loglikelihood: -482122	(delta): 1.58924
41 (QN/Block) 	Elapsed: 2.195	Loglikelihood: -482122	(delta): -1.99286e-05
42 (QN/Block) 	Elapsed: 1.97	Loglikelihood: -482122	(delta): 1.21654e-08
Summary: 
Converged in 42 iterations (91.229 sec)
Loglikelihood: -482121.635840
Fst divergences between estimated populations: 
	Pop0	Pop1	Pop2	Pop3	Pop4	Pop5	Pop6	Pop7	
Pop0	
Pop1	0.725	
Pop2	0.811	0.631	
Pop3	0.677	0.433	0.522	
Pop4	0.803	0.619	0.754	0.610	
Pop5	0.631	0.403	0.468	0.238	0.568	
Pop6	0.745	0.647	0.734	0.586	0.736	0.550	
Pop7	0.690	0.483	0.555	0.332	0.638	0.215	0.611	
Pop8	0.783	0.693	0.785	0.636	0.780	0.593	0.539	0.656	
CV error (K=9): 0.34110
Writing output files.
